<?xml version="1.0" encoding="UTF-8"?>
<!-- Generated by org.testng.reporters.JUnitReportReporter -->
<testsuite hostname="TYSS-Gowtham" failures="0" tests="1" name="com.aajtak.android.HomeScreen.TC_AT_HomeScreen_3Copy" time="28.756" errors="0" timestamp="10 Aug 2022 07:44:27 GMT" skipped="0">
  <testcase classname="com.aajtak.android.HomeScreen.TC_AT_HomeScreen_3Copy" name="AT_Home_003" time="28.756"/>
</testsuite> <!-- com.aajtak.android.HomeScreen.TC_AT_HomeScreen_3Copy -->
