<?xml version="1.0" encoding="UTF-8"?>
<!-- Generated by org.testng.reporters.JUnitReportReporter -->
<testsuite hostname="TYSS-Gowtham" failures="0" tests="1" name="com.aajtak.android.HomeScreenSection.TC_AT_HomeSec_003" time="116.908" errors="0" timestamp="11 Aug 2022 08:52:49 GMT" skipped="0">
  <testcase classname="com.aajtak.android.HomeScreenSection.TC_AT_HomeSec_003" name="AT_HomeSec_003" time="116.908"/>
</testsuite> <!-- com.aajtak.android.HomeScreenSection.TC_AT_HomeSec_003 -->
